# JRE version: OpenJDK Runtime Environment (8.0_121-b13) (build 1.8.0_121-8u121-b13-0ubuntu1.16.04.2-b13)
# Java VM: OpenJDK 64-Bit Server VM (25.121-b13 mixed mode linux-amd64 compressed oops)
Heap:
 def new generation   total 34880K, used 0K [0x00000000f0800000, 0x00000000f2dd0000, 0x00000000f5aa0000)
  eden space 31040K,   0% used [0x00000000f0800000, 0x00000000f0800000, 0x00000000f2650000)
  from space 3840K,   0% used [0x00000000f2650000, 0x00000000f2650000, 0x00000000f2a10000)
  to   space 3840K,   0% used [0x00000000f2a10000, 0x00000000f2a10000, 0x00000000f2dd0000)
 tenured generation   total 77576K, used 67208K [0x00000000f5aa0000, 0x00000000fa662000, 0x0000000100000000)
   the space 77576K,  86% used [0x00000000f5aa0000, 0x00000000f9c42308, 0x00000000f9c42400, 0x00000000fa662000)
 Metaspace       used 33814K, capacity 34294K, committed 34560K, reserved 1079296K
  class space    used 3885K, capacity 4033K, committed 4096K, reserved 1048576K
GC Heap History (10 events):
Event: 573.600 GC heap after
Heap after GC invocations=298 (full 6):
 def new generation   total 34880K, used 1678K [0x00000000f0800000, 0x00000000f2dd0000, 0x00000000f5aa0000)
  eden space 31040K,   0% used [0x00000000f0800000, 0x00000000f0800000, 0x00000000f2650000)
  from space 3840K,  43% used [0x00000000f2a10000, 0x00000000f2bb3a90, 0x00000000f2dd0000)
  to   space 3840K,   0% used [0x00000000f2650000, 0x00000000f2650000, 0x00000000f2a10000)
 tenured generation   total 76424K, used 73912K [0x00000000f5aa0000, 0x00000000fa542000, 0x0000000100000000)
   the space 76424K,  96% used [0x00000000f5aa0000, 0x00000000fa2ce298, 0x00000000fa2ce400, 0x00000000fa542000)
 Metaspace       used 33791K, capacity 34294K, committed 34560K, reserved 1079296K
  class space    used 3885K, capacity 4033K, committed 4096K, reserved 1048576K
}
Event: 579.961 GC heap before
{Heap before GC invocations=298 (full 6):
 def new generation   total 34880K, used 32715K [0x00000000f0800000, 0x00000000f2dd0000, 0x00000000f5aa0000)
  eden space 31040K,  99% used [0x00000000f0800000, 0x00000000f264f380, 0x00000000f2650000)
  from space 3840K,  43% used [0x00000000f2a10000, 0x00000000f2bb3a90, 0x00000000f2dd0000)
  to   space 3840K,   0% used [0x00000000f2650000, 0x00000000f2650000, 0x00000000f2a10000)
 tenured generation   total 76424K, used 73912K [0x00000000f5aa0000, 0x00000000fa542000, 0x0000000100000000)
   the space 76424K,  96% used [0x00000000f5aa0000, 0x00000000fa2ce298, 0x00000000fa2ce400, 0x00000000fa542000)
 Metaspace       used 33791K, capacity 34294K, committed 34560K, reserved 1079296K
  class space    used 3885K, capacity 4033K, committed 4096K, reserved 1048576K
Event: 580.000 GC heap after
Heap after GC invocations=299 (full 6):
 def new generation   total 34880K, used 1749K [0x00000000f0800000, 0x00000000f2dd0000, 0x00000000f5aa0000)
  eden space 31040K,   0% used [0x00000000f0800000, 0x00000000f0800000, 0x00000000f2650000)
  from space 3840K,  45% used [0x00000000f2650000, 0x00000000f2805638, 0x00000000f2a10000)
  to   space 3840K,   0% used [0x00000000f2a10000, 0x00000000f2a10000, 0x00000000f2dd0000)
 tenured generation   total 76424K, used 73912K [0x00000000f5aa0000, 0x00000000fa542000, 0x0000000100000000)
   the space 76424K,  96% used [0x00000000f5aa0000, 0x00000000fa2ce298, 0x00000000fa2ce400, 0x00000000fa542000)
 Metaspace       used 33791K, capacity 34294K, committed 34560K, reserved 1079296K
  class space    used 3885K, capacity 4033K, committed 4096K, reserved 1048576K
}
Event: 590.055 GC heap before
{Heap before GC invocations=299 (full 6):
 def new generation   total 34880K, used 32789K [0x00000000f0800000, 0x00000000f2dd0000, 0x00000000f5aa0000)
  eden space 31040K, 100% used [0x00000000f0800000, 0x00000000f2650000, 0x00000000f2650000)
  from space 3840K,  45% used [0x00000000f2650000, 0x00000000f2805638, 0x00000000f2a10000)
  to   space 3840K,   0% used [0x00000000f2a10000, 0x00000000f2a10000, 0x00000000f2dd0000)
 tenured generation   total 76424K, used 73912K [0x00000000f5aa0000, 0x00000000fa542000, 0x0000000100000000)
   the space 76424K,  96% used [0x00000000f5aa0000, 0x00000000fa2ce298, 0x00000000fa2ce400, 0x00000000fa542000)
 Metaspace       used 33792K, capacity 34294K, committed 34560K, reserved 1079296K
  class space    used 3885K, capacity 4033K, committed 4096K, reserved 1048576K
Event: 590.112 GC heap after
Heap after GC invocations=300 (full 6):
 def new generation   total 34880K, used 1880K [0x00000000f0800000, 0x00000000f2dd0000, 0x00000000f5aa0000)
  eden space 31040K,   0% used [0x00000000f0800000, 0x00000000f0800000, 0x00000000f2650000)
  from space 3840K,  48% used [0x00000000f2a10000, 0x00000000f2be6108, 0x00000000f2dd0000)
  to   space 3840K,   0% used [0x00000000f2650000, 0x00000000f2650000, 0x00000000f2a10000)
 tenured generation   total 76424K, used 73912K [0x00000000f5aa0000, 0x00000000fa542000, 0x0000000100000000)
   the space 76424K,  96% used [0x00000000f5aa0000, 0x00000000fa2ce298, 0x00000000fa2ce400, 0x00000000fa542000)
 Metaspace       used 33792K, capacity 34294K, committed 34560K, reserved 1079296K
  class space    used 3885K, capacity 4033K, committed 4096K, reserved 1048576K
}
Event: 598.009 GC heap before
{Heap before GC invocations=300 (full 6):
 def new generation   total 34880K, used 32920K [0x00000000f0800000, 0x00000000f2dd0000, 0x00000000f5aa0000)
  eden space 31040K, 100% used [0x00000000f0800000, 0x00000000f2650000, 0x00000000f2650000)
  from space 3840K,  48% used [0x00000000f2a10000, 0x00000000f2be6108, 0x00000000f2dd0000)
  to   space 3840K,   0% used [0x00000000f2650000, 0x00000000f2650000, 0x00000000f2a10000)
 tenured generation   total 76424K, used 73912K [0x00000000f5aa0000, 0x00000000fa542000, 0x0000000100000000)
   the space 76424K,  96% used [0x00000000f5aa0000, 0x00000000fa2ce298, 0x00000000fa2ce400, 0x00000000fa542000)
 Metaspace       used 33802K, capacity 34294K, committed 34560K, reserved 1079296K
  class space    used 3885K, capacity 4033K, committed 4096K, reserved 1048576K
Event: 598.078 GC heap after
Heap after GC invocations=301 (full 6):
 def new generation   total 34880K, used 2068K [0x00000000f0800000, 0x00000000f2dd0000, 0x00000000f5aa0000)
  eden space 31040K,   0% used [0x00000000f0800000, 0x00000000f0800000, 0x00000000f2650000)
  from space 3840K,  53% used [0x00000000f2650000, 0x00000000f28553c8, 0x00000000f2a10000)
  to   space 3840K,   0% used [0x00000000f2a10000, 0x00000000f2a10000, 0x00000000f2dd0000)
 tenured generation   total 76424K, used 73912K [0x00000000f5aa0000, 0x00000000fa542000, 0x0000000100000000)
   the space 76424K,  96% used [0x00000000f5aa0000, 0x00000000fa2ce298, 0x00000000fa2ce400, 0x00000000fa542000)
 Metaspace       used 33802K, capacity 34294K, committed 34560K, reserved 1079296K
  class space    used 3885K, capacity 4033K, committed 4096K, reserved 1048576K
}
Event: 941.572 GC heap before
{Heap before GC invocations=301 (full 6):
 def new generation   total 34880K, used 33108K [0x00000000f0800000, 0x00000000f2dd0000, 0x00000000f5aa0000)
  eden space 31040K, 100% used [0x00000000f0800000, 0x00000000f2650000, 0x00000000f2650000)
  from space 3840K,  53% used [0x00000000f2650000, 0x00000000f28553c8, 0x00000000f2a10000)
  to   space 3840K,   0% used [0x00000000f2a10000, 0x00000000f2a10000, 0x00000000f2dd0000)
 tenured generation   total 76424K, used 73912K [0x00000000f5aa0000, 0x00000000fa542000, 0x0000000100000000)
   the space 76424K,  96% used [0x00000000f5aa0000, 0x00000000fa2ce298, 0x00000000fa2ce400, 0x00000000fa542000)
 Metaspace       used 33809K, capacity 34294K, committed 34560K, reserved 1079296K
  class space    used 3885K, capacity 4033K, committed 4096K, reserved 1048576K
Event: 941.583 GC heap after
Heap after GC invocations=302 (full 6):
 def new generation   total 34880K, used 3408K [0x00000000f0800000, 0x00000000f2dd0000, 0x00000000f5aa0000)
  eden space 31040K,   0% used [0x00000000f0800000, 0x00000000f0800000, 0x00000000f2650000)
  from space 3840K,  88% used [0x00000000f2a10000, 0x00000000f2d641c0, 0x00000000f2dd0000)
  to   space 3840K,   0% used [0x00000000f2650000, 0x00000000f2650000, 0x00000000f2a10000)
 tenured generation   total 76424K, used 74127K [0x00000000f5aa0000, 0x00000000fa542000, 0x0000000100000000)
   the space 76424K,  96% used [0x00000000f5aa0000, 0x00000000fa303fd0, 0x00000000fa304000, 0x00000000fa542000)
 Metaspace       used 33809K, capacity 34294K, committed 34560K, reserved 1079296K
  class space    used 3885K, capacity 4033K, committed 4096K, reserved 1048576K
}
Event: 945.555 GC heap before
{Heap before GC invocations=302 (full 6):
 def new generation   total 34880K, used 34448K [0x00000000f0800000, 0x00000000f2dd0000, 0x00000000f5aa0000)
  eden space 31040K, 100% used [0x00000000f0800000, 0x00000000f2650000, 0x00000000f2650000)
  from space 3840K,  88% used [0x00000000f2a10000, 0x00000000f2d641c0, 0x00000000f2dd0000)
  to   space 3840K,   0% used [0x00000000f2650000, 0x00000000f2650000, 0x00000000f2a10000)
 tenured generation   total 76424K, used 74127K [0x00000000f5aa0000, 0x00000000fa542000, 0x0000000100000000)
   the space 76424K,  96% used [0x00000000f5aa0000, 0x00000000fa303fd0, 0x00000000fa304000, 0x00000000fa542000)
 Metaspace       used 33814K, capacity 34294K, committed 34560K, reserved 1079296K
  class space    used 3885K, capacity 4033K, committed 4096K, reserved 1048576K

